{"meta": {"version": "6.4.1", "timestamp": "2022-07-01T11:54:40.905796", "branch_coverage": true, "show_contexts": false}, "files": {"buildtest/builders/__init__.py": {"executed_lines": [1], "summary": {"covered_lines": 0, "num_statements": 0, "percent_covered": 100.0, "percent_covered_display": "100.00", "missing_lines": 0, "excluded_lines": 0, "num_branches": 0, "num_partial_branches": 0, "covered_branches": 0, "missing_branches": 0}, "missing_lines": [], "excluded_lines": []}, "buildtest/builders/base.py": {"executed_lines": [1, 7, 8, 9, 10, 11, 12, 13, 14, 15, 16, 17, 18, 20, 21, 22, 23, 24, 25, 26, 27, 28, 29, 30, 31, 32, 35, 36, 43, 67, 69, 70, 71, 72, 73, 74, 75, 76, 77, 79, 81, 83, 84, 85, 86, 89, 92, 94, 97, 101, 104, 107, 109, 112, 114, 117, 118, 120, 122, 123, 126, 127, 130, 132, 134, 135, 136, 138, 139, 140, 142, 143, 144, 146, 150, 156, 159, 160, 162, 164, 165, 168, 170, 173, 178, 180, 183, 185, 188, 190, 192, 193, 196, 199, 201, 202, 205, 207, 208, 210, 213, 215, 217, 218, 220, 229, 230, 233, 235, 244, 246, 247, 249, 251, 256, 257, 259, 261, 265, 267, 270, 272, 273, 275, 286, 287, 288, 290, 357, 367, 372, 375, 377, 379, 384, 385, 386, 388, 392, 393, 395, 397, 399, 401, 403, 406, 407, 409, 413, 415, 417, 419, 421, 423, 426, 430, 436, 439, 443, 452, 459, 461, 463, 464, 465, 467, 469, 472, 473, 474, 476, 478, 481, 485, 487, 491, 494, 495, 496, 499, 500, 502, 508, 510, 511, 513, 516, 521, 527, 531, 533, 534, 536, 539, 542, 544, 547, 548, 550, 552, 553, 555, 556, 557, 558, 559, 562, 563, 564, 566, 567, 569, 571, 579, 581, 583, 585, 587, 589, 591, 593, 598, 610, 611, 613, 614, 616, 618, 623, 624, 630, 632, 635, 637, 644, 646, 647, 649, 651, 653, 656, 659, 662, 666, 669, 673, 675, 677, 678, 679, 681, 682, 683, 685, 693, 699, 705, 707, 717, 718, 728, 738, 739, 741, 742, 743, 744, 746, 747, 749, 753, 757, 759, 767, 770, 771, 773, 777, 778, 779, 782, 783, 784, 792, 794, 802, 804, 805, 807, 813, 814, 815, 816, 821, 822, 823, 824, 834, 836, 842, 843, 869, 873, 877, 878, 881, 886, 887, 889, 890, 892, 895, 898, 901, 904, 908, 910, 913, 915, 969, 1002, 1036, 1039, 1041, 1042, 1045, 1095, 1211, 1212, 1214, 1215], "summary": {"covered_lines": 325, "num_statements": 510, "percent_covered": 59.18674698795181, "percent_covered_display": "59.19", "missing_lines": 185, "excluded_lines": 4, "num_branches": 154, "num_partial_branches": 20, "covered_branches": 68, "missing_branches": 86}, "missing_lines": [301, 304, 305, 306, 307, 308, 310, 312, 313, 314, 316, 317, 319, 320, 321, 323, 324, 326, 327, 328, 332, 335, 336, 337, 338, 341, 343, 344, 345, 348, 349, 351, 352, 353, 355, 362, 365, 390, 404, 514, 517, 518, 519, 522, 523, 525, 631, 633, 645, 686, 687, 689, 690, 691, 695, 696, 697, 701, 702, 703, 720, 721, 722, 723, 725, 726, 774, 787, 790, 808, 818, 826, 829, 832, 845, 848, 851, 853, 854, 855, 856, 858, 859, 862, 863, 866, 867, 871, 875, 929, 931, 932, 934, 935, 936, 939, 941, 943, 944, 947, 949, 950, 952, 954, 957, 958, 962, 967, 972, 975, 978, 981, 982, 984, 985, 993, 996, 1000, 1007, 1008, 1010, 1011, 1013, 1016, 1017, 1020, 1023, 1024, 1027, 1030, 1031, 1034, 1047, 1048, 1049, 1052, 1056, 1058, 1060, 1061, 1062, 1064, 1065, 1069, 1070, 1072, 1073, 1076, 1086, 1087, 1089, 1092, 1093, 1103, 1105, 1106, 1111, 1115, 1120, 1121, 1122, 1124, 1127, 1132, 1133, 1137, 1141, 1146, 1150, 1154, 1158, 1162, 1167, 1168, 1172, 1175, 1178, 1181, 1185, 1189, 1193, 1197, 1202, 1206, 1207], "excluded_lines": [1211, 1212, 1214, 1215]}, "buildtest/builders/compiler.py": {"executed_lines": [1, 2, 3, 5, 6, 7, 8, 9, 10, 13, 14, 16, 21, 39, 40, 41, 42, 43, 44, 45, 46, 48, 61, 72, 73, 74, 76, 78, 80, 87, 88, 90, 91, 93, 95, 100, 107, 114, 121, 125, 126, 128, 136, 144, 152, 160, 162, 170, 179, 182, 184, 185, 189, 190, 199, 200, 201, 202, 204, 205, 206, 209, 210, 216, 218, 223, 225, 230, 231, 232, 234, 235, 239, 240, 244, 248, 249, 250, 251, 252, 254, 255, 256, 258, 259, 260, 261, 262, 264, 265, 266, 267, 268, 271, 272, 273, 275, 276, 277, 278, 279, 281, 283, 293, 298, 299, 303, 307, 311, 313, 318, 319, 323, 324, 328, 330, 336, 338, 339, 349, 360, 361, 371, 372, 374, 376, 386, 392, 394, 402, 404, 405, 410, 414, 419, 420, 421, 423, 426, 431, 433, 438, 443, 448, 451, 454, 457, 460, 464, 466, 470, 473, 476, 479, 483, 487, 491, 495, 500, 504, 509, 512, 515, 518, 521, 524, 527, 530, 533, 536, 539, 542, 545, 548, 551, 554, 557], "summary": {"covered_lines": 176, "num_statements": 206, "percent_covered": 84.0, "percent_covered_display": "84.00", "missing_lines": 30, "excluded_lines": 0, "num_branches": 44, "num_partial_branches": 10, "covered_branches": 34, "missing_branches": 10}, "missing_lines": [219, 220, 221, 226, 227, 228, 236, 241, 245, 246, 350, 505, 510, 513, 516, 519, 522, 525, 528, 531, 534, 537, 540, 543, 546, 549, 552, 555, 560, 565], "excluded_lines": []}, "buildtest/builders/script.py": {"executed_lines": [1, 2, 3, 5, 6, 7, 8, 11, 12, 14, 16, 30, 41, 43, 44, 47, 51, 54, 58, 79, 86, 87, 88, 89, 90, 93, 100, 114, 118, 119, 121, 122, 123, 125, 131, 132, 134, 135, 138, 139, 140, 142, 144, 147, 150, 153, 155, 156, 160, 179, 182, 186, 187, 188, 190, 191, 192, 194, 197, 199, 201], "summary": {"covered_lines": 60, "num_statements": 77, "percent_covered": 72.07207207207207, "percent_covered_display": "72.07", "missing_lines": 17, "excluded_lines": 0, "num_branches": 34, "num_partial_branches": 6, "covered_branches": 20, "missing_branches": 14}, "missing_lines": [48, 49, 60, 65, 70, 74, 75, 127, 128, 129, 161, 171, 173, 174, 175, 176, 195], "excluded_lines": []}, "buildtest/builders/spack.py": {"executed_lines": [1, 6, 8, 9, 10, 11, 14, 15, 17, 19, 47, 136, 171, 199], "summary": {"covered_lines": 12, "num_statements": 136, "percent_covered": 6.1946902654867255, "percent_covered_display": "6.19", "missing_lines": 124, "excluded_lines": 0, "num_branches": 90, "num_partial_branches": 0, "covered_branches": 2, "missing_branches": 88}, "missing_lines": [30, 40, 43, 50, 52, 53, 54, 56, 57, 58, 59, 61, 62, 63, 64, 66, 67, 69, 70, 74, 75, 79, 80, 82, 83, 85, 86, 87, 88, 89, 90, 92, 93, 94, 101, 102, 104, 105, 108, 109, 110, 112, 113, 115, 116, 118, 119, 120, 122, 124, 125, 127, 128, 129, 130, 131, 132, 134, 140, 141, 142, 144, 146, 147, 149, 151, 153, 154, 156, 158, 160, 161, 162, 165, 166, 167, 169, 182, 184, 185, 189, 191, 193, 194, 197, 208, 210, 211, 213, 215, 216, 219, 222, 223, 225, 228, 229, 230, 232, 233, 234, 236, 237, 240, 241, 242, 244, 245, 248, 250, 251, 252, 255, 257, 258, 261, 262, 263, 265, 266, 267, 269, 270, 271], "excluded_lines": []}, "buildtest/buildsystem/__init__.py": {"executed_lines": [1], "summary": {"covered_lines": 0, "num_statements": 0, "percent_covered": 100.0, "percent_covered_display": "100.00", "missing_lines": 0, "excluded_lines": 0, "num_branches": 0, "num_partial_branches": 0, "covered_branches": 0, "missing_branches": 0}, "missing_lines": [], "excluded_lines": []}, "buildtest/buildsystem/builders.py": {"executed_lines": [1, 6, 7, 9, 10, 11, 12, 13, 16, 17, 25, 56, 57, 58, 59, 60, 62, 63, 64, 65, 67, 68, 69, 71, 73, 75, 76, 79, 81, 82, 85, 87, 88, 89, 91, 92, 93, 94, 95, 98, 99, 100, 102, 103, 107, 109, 110, 111, 113, 114, 116, 118, 119, 120, 126, 127, 130, 132, 134, 136, 150, 152, 162, 164, 178, 179, 180, 191, 193, 195, 209, 211, 221, 223, 237, 252, 254, 303, 316, 317, 320, 321, 325, 328, 337, 341, 344, 353, 364, 366, 377, 379, 382, 383, 384, 387, 396, 397, 398, 400, 404, 406, 412, 414, 427, 429, 432, 434, 435, 437, 438, 439, 440, 441, 443, 445, 458, 460, 462, 463, 464, 465, 466, 468, 470, 472, 474], "summary": {"covered_lines": 125, "num_statements": 161, "percent_covered": 74.70355731225297, "percent_covered_display": "74.70", "missing_lines": 36, "excluded_lines": 0, "num_branches": 92, "num_partial_branches": 10, "covered_branches": 64, "missing_branches": 28}, "missing_lines": [121, 124, 165, 166, 177, 224, 225, 236, 238, 239, 250, 264, 266, 274, 276, 277, 278, 287, 288, 289, 290, 299, 301, 356, 388, 389, 390, 391, 392, 393, 407, 408, 409, 410, 430, 476], "excluded_lines": []}, "buildtest/buildsystem/parser.py": {"executed_lines": [1, 8, 9, 11, 12, 13, 14, 15, 16, 19, 20, 30, 48, 50, 55, 58, 59, 63, 65, 68, 69, 73, 75, 81, 83, 86, 89, 100, 104, 105, 106, 108, 111, 112, 113, 115, 121, 132, 135, 143, 145, 149, 151, 155, 160, 162], "summary": {"covered_lines": 42, "num_statements": 47, "percent_covered": 87.6923076923077, "percent_covered_display": "87.69", "missing_lines": 5, "excluded_lines": 4, "num_branches": 18, "num_partial_branches": 3, "covered_branches": 15, "missing_branches": 3}, "missing_lines": [51, 66, 76, 77, 78], "excluded_lines": [83, 84, 86, 87]}, "buildtest/cli/__init__.py": {"executed_lines": [1, 5, 6, 8, 9, 10, 13, 25, 27, 28, 29, 30, 31, 33, 34, 36, 38, 41, 42, 44, 47, 66, 71, 72, 78, 79, 82, 85, 121, 123, 136, 144, 151, 154, 157, 162, 165, 168, 170, 172, 173, 174, 175, 176, 177, 178, 179, 181, 184, 187, 191, 192, 193, 196, 199, 202, 205, 208, 212, 214, 215, 217, 221, 227, 230, 232, 237, 262, 265, 271, 274, 282, 286, 289, 292, 295, 298, 301, 304, 308, 312, 315, 321, 327, 331, 334, 335, 341, 349, 352, 356, 359, 362, 363, 364, 366, 373, 380, 387, 395, 400, 406, 411, 417, 422, 429, 436, 441, 446, 452, 457, 462, 468, 474, 480, 483, 490, 495, 502, 505, 509, 516, 519, 526, 529, 537, 542, 546, 547, 551, 555, 558, 564, 567, 574, 577, 578, 583, 586, 591, 597, 603, 610, 613, 618, 622, 626, 631, 635, 640, 646, 652, 655, 658, 664, 671, 679, 682, 689, 692, 699, 702, 706, 714, 722, 729, 738, 741, 745, 751, 753, 755, 759, 761, 763, 766, 768, 771, 774, 777, 780, 785, 791, 798, 804, 808, 814, 822, 825, 828, 833, 834, 835, 840, 846, 850, 855, 858, 864, 870, 876, 882, 887, 892, 898, 904, 910, 914, 919, 922, 926, 931, 934, 935, 938, 941, 945, 948, 951, 957, 961, 966, 969, 972, 975, 978, 981, 986, 989, 992, 998, 1001, 1010, 1013, 1015, 1018, 1020, 1022, 1023, 1024], "summary": {"covered_lines": 230, "num_statements": 246, "percent_covered": 92.3076923076923, "percent_covered_display": "92.31", "missing_lines": 16, "excluded_lines": 9, "num_branches": 14, "num_partial_branches": 2, "covered_branches": 10, "missing_branches": 4}, "missing_lines": [39, 67, 73, 74, 75, 76, 104, 105, 109, 111, 112, 113, 114, 115, 116, 118], "excluded_lines": [537, 574, 577, 578, 583, 655, 658, 664, 671]}, "buildtest/cli/build.py": {"executed_lines": [1, 5, 6, 7, 8, 9, 10, 11, 12, 13, 15, 16, 17, 18, 19, 20, 21, 22, 23, 34, 35, 36, 37, 38, 39, 47, 48, 49, 50, 52, 55, 56, 57, 58, 60, 61, 63, 64, 65, 67, 69, 70, 71, 73, 74, 75, 78, 92, 97, 103, 105, 108, 125, 126, 127, 128, 129, 130, 132, 136, 137, 139, 141, 142, 145, 146, 150, 151, 152, 155, 158, 159, 162, 163, 166, 169, 170, 171, 173, 177, 181, 185, 186, 187, 188, 191, 193, 198, 204, 209, 210, 211, 213, 216, 223, 225, 228, 230, 231, 232, 235, 237, 240, 242, 243, 244, 247, 249, 250, 255, 256, 257, 258, 261, 263, 264, 269, 270, 271, 272, 274, 275, 278, 281, 287, 301, 303, 305, 309, 310, 312, 313, 316, 321, 323, 324, 325, 328, 330, 333, 347, 349, 351, 355, 356, 358, 359, 362, 363, 364, 367, 369, 372, 402, 405, 406, 410, 411, 412, 415, 416, 419, 420, 422, 423, 424, 425, 426, 428, 429, 432, 433, 434, 435, 436, 439, 441, 444, 447, 452, 453, 454, 456, 457, 458, 459, 462, 463, 465, 525, 526, 528, 529, 531, 532, 534, 535, 537, 538, 540, 541, 544, 545, 546, 548, 553, 554, 555, 557, 558, 560, 561, 562, 563, 564, 565, 566, 567, 568, 569, 570, 571, 572, 573, 574, 575, 576, 577, 578, 579, 580, 581, 584, 585, 586, 587, 589, 590, 591, 594, 601, 605, 607, 608, 612, 614, 615, 617, 619, 621, 623, 625, 632, 633, 635, 643, 645, 646, 648, 650, 664, 666, 671, 672, 675, 679, 681, 682, 683, 684, 686, 687, 688, 689, 690, 691, 692, 693, 694, 695, 696, 697, 698, 699, 700, 701, 702, 703, 704, 705, 706, 708, 709, 734, 735, 737, 745, 748, 749, 751, 752, 753, 757, 758, 759, 763, 767, 773, 776, 783, 785, 787, 791, 794, 795, 797, 800, 801, 803, 806, 807, 809, 810, 811, 812, 815, 816, 818, 820, 822, 832, 833, 835, 837, 840, 842, 844, 848, 849, 851, 852, 853, 854, 855, 857, 859, 873, 874, 875, 877, 879, 880, 882, 884, 885, 888, 889, 891, 892, 894, 895, 902, 903, 904, 907, 908, 912, 913, 915, 917, 918, 919, 920, 922, 923, 924, 926, 927, 929, 932, 933, 935, 936, 937, 939, 943, 952, 953, 955, 957, 958, 959, 970, 973, 976, 980, 985, 1002, 1003, 1005, 1007, 1008, 1010, 1012, 1014, 1018, 1025, 1026, 1027, 1028, 1029, 1030, 1031, 1033, 1034, 1035, 1036, 1037, 1038, 1039, 1041, 1042, 1044, 1053, 1055, 1056, 1058, 1059, 1060, 1061, 1063, 1064, 1068, 1069, 1070, 1072, 1080, 1106, 1107, 1109, 1111, 1112, 1115, 1116, 1121, 1151, 1152, 1153, 1154, 1155, 1156, 1157, 1158, 1159, 1160, 1163, 1166, 1167, 1168, 1169, 1171, 1172, 1174, 1176, 1178, 1184, 1196, 1208, 1220, 1221, 1222, 1224, 1233, 1235, 1250, 1251, 1252, 1254, 1264, 1266, 1267, 1270, 1271, 1272, 1274, 1275, 1281, 1283, 1284, 1289, 1290, 1291, 1292, 1294, 1296, 1297, 1299, 1306, 1308, 1334, 1344, 1346, 1349, 1350, 1352, 1353, 1354, 1355, 1357, 1359, 1363, 1387, 1389, 1391, 1392, 1393, 1395, 1398, 1399, 1401, 1402, 1404, 1405, 1406, 1408, 1409, 1411, 1412, 1416, 1417, 1418, 1420, 1421, 1423, 1424], "summary": {"covered_lines": 504, "num_statements": 535, "percent_covered": 92.99867899603699, "percent_covered_display": "93.00", "missing_lines": 31, "excluded_lines": 31, "num_branches": 222, "num_partial_branches": 14, "covered_branches": 200, "missing_branches": 22}, "missing_lines": [66, 317, 318, 549, 626, 765, 774, 930, 964, 965, 966, 967, 968, 977, 978, 981, 1016, 1236, 1237, 1239, 1248, 1309, 1314, 1315, 1316, 1317, 1319, 1321, 1322, 1324, 1331], "excluded_lines": [820, 1080, 1081, 1106, 1107, 1109, 1111, 1112, 1115, 1116, 1121, 1151, 1152, 1153, 1154, 1155, 1156, 1157, 1158, 1159, 1160, 1163, 1166, 1167, 1168, 1169, 1171, 1172, 1174, 1175, 1176]}, "buildtest/cli/buildspec.py": {"executed_lines": [1, 2, 3, 4, 5, 7, 8, 9, 10, 16, 17, 18, 27, 28, 29, 30, 31, 33, 36, 38, 39, 40, 41, 43, 72, 73, 75, 76, 77, 78, 79, 81, 84, 87, 89, 91, 92, 94, 95, 97, 98, 99, 101, 104, 106, 115, 117, 121, 122, 127, 129, 130, 131, 134, 135, 137, 138, 140, 148, 149, 150, 152, 153, 161, 162, 164, 166, 172, 176, 181, 182, 183, 184, 186, 187, 189, 191, 194, 195, 197, 198, 200, 207, 209, 211, 212, 213, 214, 218, 219, 220, 222, 223, 225, 227, 230, 232, 234, 235, 236, 238, 240, 249, 251, 252, 253, 255, 261, 262, 263, 264, 265, 266, 267, 268, 273, 275, 280, 282, 283, 284, 289, 291, 294, 296, 297, 298, 300, 302, 303, 305, 307, 308, 309, 310, 312, 314, 315, 317, 318, 320, 322, 323, 326, 327, 328, 330, 332, 333, 335, 336, 338, 340, 341, 345, 347, 355, 356, 357, 359, 361, 363, 364, 365, 366, 369, 370, 372, 373, 374, 376, 384, 385, 387, 389, 390, 391, 392, 393, 395, 396, 400, 401, 402, 404, 420, 421, 424, 426, 427, 429, 432, 434, 444, 447, 448, 449, 452, 453, 458, 459, 464, 465, 469, 471, 473, 475, 476, 477, 479, 480, 484, 485, 488, 489, 491, 492, 493, 494, 496, 497, 498, 499, 502, 503, 505, 509, 510, 511, 512, 513, 515, 517, 519, 521, 523, 525, 527, 531, 533, 535, 539, 541, 542, 543, 545, 547, 549, 550, 551, 553, 555, 558, 559, 560, 562, 564, 572, 573, 574, 576, 577, 579, 580, 582, 584, 590, 591, 593, 594, 595, 596, 598, 600, 606, 607, 608, 610, 611, 613, 615, 618, 619, 621, 622, 623, 624, 626, 628, 631, 633, 634, 636, 637, 639, 641, 647, 648, 650, 651, 652, 653, 655, 657, 660, 662, 663, 665, 666, 669, 670, 672, 673, 674, 678, 680, 681, 682, 684, 685, 686, 687, 689, 691, 694, 696, 697, 699, 700, 702, 703, 705, 706, 707, 708, 710, 711, 712, 714, 715, 716, 717, 719, 721, 732, 733, 735, 736, 738, 748, 750, 751, 753, 755, 757, 758, 760, 763, 764, 766, 768, 772, 773, 775, 777, 778, 779, 780, 782, 784, 786, 788, 791, 793, 794, 796, 797, 799, 801, 808, 809, 811, 812, 813, 814, 818, 826, 827, 828, 829, 831, 834, 835, 836, 838, 839, 840, 842, 852, 853, 855, 856, 857, 858, 862, 871, 872, 874, 875, 876, 879, 880, 881, 882, 883, 884, 887, 888, 896, 897, 898, 899, 902, 903, 904, 906, 907, 912, 913, 914, 915, 917, 918, 919, 920, 921, 923, 924, 928, 929, 930, 932, 933, 934, 935, 936, 937, 938, 940, 942, 943, 946, 957, 958, 980, 988, 989, 1012, 1020, 1022, 1023, 1024, 1025, 1027, 1028, 1029, 1031, 1032, 1033, 1034, 1035, 1036, 1038, 1039, 1044, 1053, 1054, 1056, 1057, 1058, 1059, 1068, 1084, 1090, 1092, 1095, 1096, 1097, 1098, 1107, 1109, 1112, 1115, 1122, 1123, 1130, 1132, 1133, 1136, 1137, 1138, 1140, 1141, 1142, 1145, 1146, 1147, 1149, 1150, 1151, 1154, 1155, 1156, 1158, 1159, 1160, 1162, 1165, 1166, 1167, 1170, 1171, 1172, 1174, 1177, 1179, 1180, 1182, 1183, 1184, 1186, 1187, 1188, 1191, 1204, 1206, 1207, 1209, 1210, 1212, 1213, 1216], "summary": {"covered_lines": 541, "num_statements": 590, "percent_covered": 90.38031319910515, "percent_covered_display": "90.38", "missing_lines": 49, "excluded_lines": 31, "num_branches": 304, "num_partial_branches": 29, "covered_branches": 267, "missing_branches": 37}, "missing_lines": [118, 132, 155, 156, 177, 430, 529, 537, 769, 816, 860, 959, 961, 962, 963, 964, 966, 968, 969, 971, 972, 973, 974, 975, 976, 977, 990, 992, 993, 994, 997, 999, 1001, 1003, 1004, 1005, 1006, 1007, 1008, 1009, 1062, 1064, 1065, 1099, 1100, 1101, 1102, 1104, 1110], "excluded_lines": [1216, 1217, 1224, 1235, 1236, 1237, 1240, 1241, 1242, 1245, 1246, 1247, 1250, 1251, 1252, 1255, 1256, 1257, 1260, 1261, 1262, 1265, 1266, 1267, 1270, 1271, 1272, 1275, 1276, 1277, 1279]}, "buildtest/cli/cdash.py": {"executed_lines": [1, 2, 3, 4, 5, 6, 7, 8, 9, 10, 11, 12, 14, 15, 16, 17, 18, 21, 66, 73, 74, 75, 77, 79, 80, 92, 95, 99, 126, 127, 128, 130, 131, 133, 134, 135, 136, 140, 141, 142, 144, 146, 149, 150, 151, 155, 156, 158, 159, 161, 162, 163, 168, 170, 171, 172, 173, 174, 177, 179, 180, 182, 183, 184, 185, 186, 194, 195, 196, 197, 198, 199, 200, 201, 202, 203, 204, 205, 206, 207, 208, 209, 210, 211, 212, 213, 214, 217, 218, 219, 220, 222, 227, 229, 230, 231, 232, 235, 236, 239, 240, 243, 244, 245, 246, 247, 250, 251, 252, 254, 256, 257, 259, 260, 263, 264, 267, 271, 272, 274, 275, 276, 277, 279, 285, 287, 290, 292, 298, 300, 321, 324, 326, 332, 334, 337, 339, 345, 347, 353, 355, 361, 363, 365, 368, 372, 378, 380, 386, 388, 389, 399, 400, 401, 403, 404, 407, 408, 410, 411, 412, 418, 419, 420, 421, 422, 423, 424, 426, 427, 428, 429, 430, 431, 432, 433, 434, 435, 438], "summary": {"covered_lines": 179, "num_statements": 202, "percent_covered": 84.2741935483871, "percent_covered_display": "84.27", "missing_lines": 23, "excluded_lines": 0, "num_branches": 46, "num_partial_branches": 8, "covered_branches": 30, "missing_branches": 16}, "missing_lines": [36, 38, 39, 41, 43, 44, 48, 49, 55, 57, 81, 82, 84, 88, 89, 93, 96, 164, 188, 193, 390, 396, 436], "excluded_lines": []}, "buildtest/cli/clean.py": {"executed_lines": [1, 2, 4, 5, 11, 12, 15, 23, 24, 25, 26, 28, 31, 60, 61, 62, 63, 65, 66, 67, 68, 69, 70, 72, 73, 74, 75, 77, 78, 79, 80], "summary": {"covered_lines": 31, "num_statements": 35, "percent_covered": 74.54545454545455, "percent_covered_display": "74.55", "missing_lines": 4, "excluded_lines": 0, "num_branches": 20, "num_partial_branches": 10, "covered_branches": 10, "missing_branches": 10}, "missing_lines": [33, 40, 47, 53], "excluded_lines": []}, "buildtest/cli/compilers.py": {"executed_lines": [1, 2, 3, 4, 5, 6, 8, 9, 10, 11, 12, 13, 14, 15, 16, 19, 37, 85, 86, 97, 105, 109, 115, 117, 120, 122, 123, 124, 125, 126, 127, 128, 130, 140, 142, 143, 150, 151, 157, 158, 161, 183, 184, 185, 188, 189, 193, 196, 198, 203, 210, 212, 215, 216, 218, 226, 229, 231, 232, 233, 234, 235, 237, 238, 240, 248, 249, 250, 252, 254, 255, 259, 260, 261, 263, 265, 267, 269, 271, 273, 275, 279, 280], "summary": {"covered_lines": 81, "num_statements": 122, "percent_covered": 65.73033707865169, "percent_covered_display": "65.73", "missing_lines": 41, "excluded_lines": 8, "num_branches": 56, "num_partial_branches": 6, "covered_branches": 36, "missing_branches": 20}, "missing_lines": [21, 22, 23, 25, 27, 28, 30, 31, 33, 34, 44, 45, 48, 49, 51, 53, 55, 59, 64, 66, 67, 72, 73, 74, 75, 76, 77, 110, 111, 112, 113, 118, 164, 166, 167, 170, 171, 173, 179, 180, 213], "excluded_lines": [162, 163, 174, 175, 185, 186, 226, 227]}, "buildtest/cli/config.py": {"executed_lines": [1, 2, 3, 5, 6, 7, 8, 9, 10, 11, 14, 48, 63, 72, 82, 83, 84, 85, 87, 88, 91, 115, 116, 121, 124, 130, 133, 140, 141, 142, 143, 146, 165, 168, 169, 170, 173, 174, 175, 177, 179, 180, 181, 187, 189, 190, 191, 193, 194, 195, 197, 198, 199], "summary": {"covered_lines": 52, "num_statements": 61, "percent_covered": 85.18518518518519, "percent_covered_display": "85.19", "missing_lines": 9, "excluded_lines": 15, "num_branches": 20, "num_partial_branches": 1, "covered_branches": 17, "missing_branches": 3}, "missing_lines": [57, 58, 60, 117, 118, 119, 183, 184, 185], "excluded_lines": [14, 15, 21, 22, 24, 25, 26, 35, 36, 38, 39, 41, 42, 44, 45]}, "buildtest/cli/debugreport.py": {"executed_lines": [1, 3, 4, 5, 6, 9, 17, 18, 19, 20, 21, 24, 26, 27, 28, 29, 30, 31], "summary": {"covered_lines": 18, "num_statements": 18, "percent_covered": 95.0, "percent_covered_display": "95.00", "missing_lines": 0, "excluded_lines": 0, "num_branches": 2, "num_partial_branches": 1, "covered_branches": 1, "missing_branches": 1}, "missing_lines": [], "excluded_lines": []}, "buildtest/cli/help.py": {"executed_lines": [1, 2, 5, 8, 9, 10, 12, 13, 17, 20, 24, 28, 32, 36, 40, 44, 48, 52, 56, 57, 59, 62, 66, 70, 74, 78, 82, 87, 90, 93, 94, 95, 97, 101, 102, 106, 110, 113, 117, 120, 124, 128, 132, 133, 136, 137, 138, 139, 140, 144, 146, 147, 148, 150, 154, 158, 162, 167, 169, 170, 171, 173, 174, 178, 182, 186, 191, 195, 199, 203, 207, 210, 213, 214, 215, 217, 218, 221, 224, 228, 232, 236, 239, 240, 241, 245, 249, 253, 257, 260, 263, 264, 265, 267, 271, 272, 275, 279, 283, 287, 291, 294, 298, 301, 304, 305, 306, 308, 309, 312, 316, 320, 324, 325, 326, 327, 328, 332, 333, 334, 338, 339, 340, 341, 342, 345, 348, 349, 350, 352, 353, 354, 357, 361, 364, 367, 368, 369, 371, 375, 379, 383, 388, 390, 393, 396, 397, 398, 400, 401, 405, 409, 412, 415, 416, 417, 419, 423, 426, 427, 428, 430, 433, 436, 437, 438, 440, 443, 447, 451, 455, 460, 463, 496, 503, 504, 505, 506, 507, 508, 509, 510, 511, 512, 513, 515, 516, 517, 518, 519, 520, 521, 522, 523, 524], "summary": {"covered_lines": 195, "num_statements": 207, "percent_covered": 93.88646288209607, "percent_covered_display": "93.89", "missing_lines": 12, "excluded_lines": 0, "num_branches": 22, "num_partial_branches": 2, "covered_branches": 20, "missing_branches": 2}, "missing_lines": [466, 467, 468, 470, 473, 476, 479, 482, 485, 489, 493, 514], "excluded_lines": []}, "buildtest/cli/history.py": {"executed_lines": [1, 2, 3, 4, 6, 7, 8, 9, 11, 14, 28, 38, 39, 40, 43, 54, 55, 58, 61, 63, 64, 65, 67, 81, 82, 84, 85, 86, 88, 89, 90, 91, 92, 94, 97, 98, 100, 125, 128, 130, 134, 135, 136, 137, 138, 139, 140, 141, 142, 144, 165, 176, 177, 178, 179, 181, 184, 194, 195, 199, 201, 202, 206, 209, 210, 211, 213, 214, 217, 218, 220], "summary": {"covered_lines": 28, "num_statements": 28, "percent_covered": 100.0, "percent_covered_display": "100.00", "missing_lines": 0, "excluded_lines": 49, "num_branches": 12, "num_partial_branches": 0, "covered_branches": 12, "missing_branches": 0}, "missing_lines": [], "excluded_lines": [14, 15, 21, 22, 24, 25, 43, 44, 54, 55, 58, 61, 63, 64, 65, 67, 81, 82, 84, 85, 86, 88, 89, 90, 91, 92, 94, 97, 98, 100, 125, 128, 130, 134, 135, 136, 137, 138, 139, 140, 141, 142, 144, 165, 176, 177, 178, 179, 181]}, "buildtest/cli/inspect.py": {"executed_lines": [1, 3, 4, 6, 7, 8, 9, 10, 11, 14, 21, 24, 25, 28, 31, 32, 33, 35, 36, 37, 39, 40, 43, 47, 48, 50, 52, 53, 55, 56, 57, 60, 62, 63, 67, 68, 69, 71, 73, 74, 77, 79, 82, 95, 98, 99, 100, 101, 102, 105, 107, 108, 110, 111, 115, 117, 123, 124, 129, 132, 140, 141, 143, 144, 145, 146, 147, 149, 151, 152, 153, 154, 156, 157, 158, 159, 160, 161, 162, 163, 164, 165, 166, 167, 168, 170, 178, 180, 181, 183, 184, 187, 188, 189, 191, 192, 195, 196, 197, 199, 200, 203, 204, 205, 207, 208, 210, 211, 212, 214, 215, 218, 227, 228, 229, 231, 232, 233, 235, 237, 238, 243, 245, 248, 255, 256, 257, 258, 259, 262, 264, 265, 268, 269, 270, 271, 272, 274, 276, 278, 281, 299, 300, 302, 306, 307, 308, 309, 310, 312, 314], "summary": {"covered_lines": 150, "num_statements": 154, "percent_covered": 93.64406779661017, "percent_covered_display": "93.64", "missing_lines": 4, "excluded_lines": 0, "num_branches": 82, "num_partial_branches": 9, "covered_branches": 71, "missing_branches": 11}, "missing_lines": [171, 172, 173, 175], "excluded_lines": []}, "buildtest/cli/path.py": {"executed_lines": [1, 3, 6, 49, 51, 52, 55, 57, 58, 59, 60, 63, 65, 66, 67, 68, 69, 71, 73, 75, 76, 78, 79, 81, 82, 84, 85, 87, 88, 90, 91, 93], "summary": {"covered_lines": 32, "num_statements": 32, "percent_covered": 96.29629629629629, "percent_covered_display": "96.30", "missing_lines": 0, "excluded_lines": 0, "num_branches": 22, "num_partial_branches": 2, "covered_branches": 20, "missing_branches": 2}, "missing_lines": [], "excluded_lines": []}, "buildtest/cli/report.py": {"executed_lines": [1, 2, 3, 4, 5, 7, 8, 9, 10, 12, 15, 20, 21, 22, 23, 24, 27, 29, 53, 62, 64, 67, 79, 107, 108, 109, 110, 111, 112, 113, 114, 115, 117, 120, 121, 124, 126, 127, 128, 129, 130, 132, 134, 136, 138, 140, 142, 151, 153, 156, 157, 158, 159, 163, 164, 168, 170, 179, 183, 185, 187, 189, 190, 191, 192, 195, 197, 198, 200, 208, 210, 211, 213, 218, 220, 225, 235, 236, 242, 243, 249, 251, 255, 260, 262, 268, 271, 272, 274, 276, 278, 281, 282, 287, 288, 293, 296, 297, 298, 302, 311, 312, 313, 315, 316, 317, 321, 322, 324, 325, 327, 335, 336, 338, 342, 344, 353, 354, 356, 358, 366, 369, 371, 373, 380, 381, 383, 385, 393, 394, 395, 397, 399, 401, 404, 406, 407, 408, 410, 413, 414, 419, 420, 422, 423, 425, 426, 428, 429, 431, 432, 436, 438, 440, 441, 444, 445, 448, 449, 452, 453, 455, 456, 458, 459, 461, 464, 465, 468, 476, 478, 480, 481, 482, 484, 486, 489, 496, 497, 502, 504, 550, 551, 553, 554, 556, 559, 560, 562, 563, 565, 566, 568, 570, 571, 572, 573, 574, 575, 577, 580, 581, 583, 584, 586, 587, 588, 590, 591, 592, 594, 601, 602, 603, 605, 607, 609, 610, 612, 613, 615, 617, 624, 626, 628, 630, 632, 633, 635, 636, 637, 638, 639, 640, 641, 642, 644, 647, 648, 650, 656, 657, 659, 660, 661, 663, 665, 677, 678, 679, 680, 681, 682, 684, 686, 688, 689, 690, 691, 692, 694, 700, 702, 704, 705, 706, 707, 708, 709, 710, 711, 713, 715, 720, 722, 728, 730, 731, 732, 733, 734, 735, 737, 740, 743, 745, 746, 759, 760, 761, 767, 768, 769, 770, 800, 803, 805, 806, 807, 808, 809, 810, 811, 818, 824, 829, 835, 838, 847, 848, 849, 850, 851, 852, 853], "summary": {"covered_lines": 315, "num_statements": 347, "percent_covered": 90.66427289048474, "percent_covered_display": "90.66", "missing_lines": 32, "excluded_lines": 0, "num_branches": 210, "num_partial_branches": 10, "covered_branches": 190, "missing_branches": 20}, "missing_lines": [214, 221, 256, 469, 470, 471, 472, 474, 634, 748, 749, 750, 751, 752, 753, 754, 756, 757, 772, 785, 786, 787, 789, 790, 791, 793, 794, 795, 797, 830, 831, 833], "excluded_lines": []}, "buildtest/cli/schema.py": {"executed_lines": [1, 2, 4, 5, 6, 7, 8, 11, 23, 24, 25, 26, 29, 30, 32, 33, 34, 37, 38, 39, 41, 47, 48, 50, 51, 52, 53, 54], "summary": {"covered_lines": 28, "num_statements": 28, "percent_covered": 95.45454545454545, "percent_covered_display": "95.45", "missing_lines": 0, "excluded_lines": 0, "num_branches": 16, "num_partial_branches": 2, "covered_branches": 14, "missing_branches": 2}, "missing_lines": [], "excluded_lines": []}, "buildtest/cli/stats.py": {"executed_lines": [1, 3, 4, 7, 14, 20, 26, 33, 34, 35, 37, 38, 41, 42, 43, 44, 46], "summary": {"covered_lines": 17, "num_statements": 17, "percent_covered": 100.0, "percent_covered_display": "100.00", "missing_lines": 0, "excluded_lines": 0, "num_branches": 2, "num_partial_branches": 0, "covered_branches": 2, "missing_branches": 0}, "missing_lines": [], "excluded_lines": []}, "buildtest/config.py": {"executed_lines": [1, 2, 3, 5, 10, 11, 12, 13, 14, 15, 16, 17, 19, 22, 23, 25, 34, 35, 36, 39, 41, 42, 43, 51, 52, 54, 56, 58, 59, 60, 62, 63, 66, 74, 80, 82, 84, 94, 96, 99, 100, 101, 104, 105, 107, 108, 109, 110, 111, 113, 122, 129, 130, 132, 135, 136, 138, 139, 141, 143, 153, 155, 156, 157, 158, 159, 161, 163, 166, 168, 170, 172, 173, 177, 178, 180, 182, 186, 187, 188, 189, 190, 191, 193, 197, 202, 203, 204, 257, 264, 265, 266, 268, 269, 271, 274, 276, 278, 283, 321, 331, 335, 341, 342, 343, 370, 402, 403, 404], "summary": {"covered_lines": 108, "num_statements": 198, "percent_covered": 47.84172661870504, "percent_covered_display": "47.84", "missing_lines": 90, "excluded_lines": 0, "num_branches": 80, "num_partial_branches": 15, "covered_branches": 25, "missing_branches": 55}, "missing_lines": [64, 114, 147, 164, 174, 183, 184, 206, 208, 209, 210, 212, 213, 214, 216, 217, 220, 222, 223, 224, 225, 227, 229, 230, 231, 232, 235, 238, 241, 242, 244, 246, 247, 248, 251, 253, 272, 279, 280, 285, 286, 287, 290, 292, 295, 296, 297, 298, 300, 301, 302, 305, 325, 326, 329, 345, 347, 348, 349, 351, 352, 354, 355, 356, 358, 360, 361, 364, 366, 406, 408, 409, 410, 412, 414, 416, 417, 418, 420, 421, 422, 423, 426, 428, 433, 434, 435, 436, 439, 441], "excluded_lines": []}, "buildtest/exceptions.py": {"executed_lines": [15, 16, 17, 18, 20, 23, 30, 31, 34, 49, 50, 51, 52], "summary": {"covered_lines": 11, "num_statements": 20, "percent_covered": 44.11764705882353, "percent_covered_display": "44.12", "missing_lines": 9, "excluded_lines": 6, "num_branches": 14, "num_partial_branches": 0, "covered_branches": 4, "missing_branches": 10}, "missing_lines": [1, 4, 8, 26, 29, 37, 41, 45, 48], "excluded_lines": [22, 23, 33, 34, 54, 55]}, "buildtest/executors/__init__.py": {"executed_lines": [1], "summary": {"covered_lines": 0, "num_statements": 0, "percent_covered": 100.0, "percent_covered_display": "100.00", "missing_lines": 0, "excluded_lines": 0, "num_branches": 0, "num_partial_branches": 0, "covered_branches": 0, "missing_branches": 0}, "missing_lines": [], "excluded_lines": []}, "buildtest/executors/base.py": {"executed_lines": [1, 5, 7, 8, 11, 12, 14, 16, 28, 29, 30, 31, 32, 33, 34, 35, 36, 37, 38, 39, 40, 45, 48, 49, 51, 55, 61, 62, 72, 83, 89, 92], "summary": {"covered_lines": 28, "num_statements": 29, "percent_covered": 93.93939393939394, "percent_covered_display": "93.94", "missing_lines": 1, "excluded_lines": 4, "num_branches": 4, "num_partial_branches": 1, "covered_branches": 3, "missing_branches": 1}, "missing_lines": [53], "excluded_lines": [89, 90, 92, 93]}, "buildtest/executors/cobalt.py": {"executed_lines": [1, 3, 4, 5, 6, 7, 8, 10, 11, 12, 13, 14, 16, 19, 20, 29, 31, 40, 61, 115, 149], "summary": {"covered_lines": 19, "num_statements": 92, "percent_covered": 18.42105263157895, "percent_covered_display": "18.42", "missing_lines": 73, "excluded_lines": 0, "num_branches": 22, "num_partial_branches": 0, "covered_branches": 2, "missing_branches": 20}, "missing_lines": [35, 36, 37, 38, 42, 44, 45, 47, 48, 50, 51, 53, 54, 56, 57, 59, 71, 73, 75, 77, 78, 79, 80, 81, 83, 84, 87, 88, 90, 92, 93, 94, 100, 103, 107, 108, 110, 111, 113, 125, 127, 129, 130, 132, 134, 135, 136, 139, 140, 141, 142, 145, 147, 159, 163, 164, 167, 168, 171, 176, 178, 181, 182, 184, 185, 186, 187, 188, 192, 196, 199, 203, 205], "excluded_lines": []}, "buildtest/executors/local.py": {"executed_lines": [1, 7, 8, 10, 11, 12, 13, 16, 17, 22, 24, 26, 27, 29, 32, 33, 35, 36, 38, 39, 41, 42, 44, 47], "summary": {"covered_lines": 22, "num_statements": 52, "percent_covered": 51.5625, "percent_covered_display": "51.56", "missing_lines": 30, "excluded_lines": 0, "num_branches": 12, "num_partial_branches": 1, "covered_branches": 11, "missing_branches": 1}, "missing_lines": [45, 58, 59, 61, 62, 65, 67, 68, 69, 70, 71, 72, 74, 75, 77, 78, 82, 85, 87, 88, 92, 93, 95, 96, 99, 100, 102, 103, 105, 107], "excluded_lines": []}, "buildtest/executors/lsf.py": {"executed_lines": [1, 6, 7, 8, 10, 11, 12, 13, 15, 18, 19, 28, 30, 39, 62, 119, 152], "summary": {"covered_lines": 15, "num_statements": 83, "percent_covered": 16.50485436893204, "percent_covered_display": "16.50", "missing_lines": 68, "excluded_lines": 0, "num_branches": 20, "num_partial_branches": 0, "covered_branches": 2, "missing_branches": 18}, "missing_lines": [33, 34, 35, 37, 43, 45, 46, 48, 49, 51, 52, 54, 55, 57, 58, 60, 74, 75, 77, 79, 81, 82, 83, 84, 85, 87, 88, 89, 91, 92, 95, 96, 97, 98, 100, 101, 102, 103, 106, 107, 109, 111, 113, 114, 115, 117, 128, 131, 132, 133, 135, 136, 138, 139, 142, 143, 144, 145, 148, 150, 160, 162, 163, 165, 169, 172, 175, 176], "excluded_lines": []}, "buildtest/executors/pbs.py": {"executed_lines": [1, 3, 4, 6, 7, 8, 9, 11, 14, 15, 25, 27, 36, 56, 98, 135], "summary": {"covered_lines": 14, "num_statements": 71, "percent_covered": 17.97752808988764, "percent_covered_display": "17.98", "missing_lines": 57, "excluded_lines": 0, "num_branches": 18, "num_partial_branches": 0, "covered_branches": 2, "missing_branches": 16}, "missing_lines": [31, 32, 33, 34, 37, 39, 40, 42, 43, 45, 46, 48, 49, 51, 52, 54, 67, 69, 71, 73, 75, 76, 77, 78, 79, 80, 82, 83, 85, 87, 90, 92, 93, 94, 96, 107, 110, 111, 112, 114, 117, 118, 119, 122, 123, 124, 125, 128, 131, 133, 144, 145, 146, 148, 149, 151, 153], "excluded_lines": []}, "buildtest/executors/setup.py": {"executed_lines": [1, 8, 9, 10, 11, 13, 14, 15, 16, 17, 18, 19, 20, 21, 22, 23, 24, 25, 27, 30, 31, 40, 60, 63, 65, 67, 78, 80, 82, 83, 85, 86, 87, 96, 97, 98, 109, 120, 131, 143, 145, 148, 151, 153, 155, 157, 159, 161, 162, 163, 164, 166, 168, 178, 179, 184, 186, 193, 194, 195, 198, 201, 203, 205, 208, 209, 211, 217, 219, 224, 226, 227, 230, 231, 233, 235, 238, 239, 242, 243, 244, 247, 249, 251, 254, 255, 256, 259, 261, 263, 268, 270, 278, 280, 281, 285, 286, 287, 288, 292, 296, 310, 311, 313, 315, 316, 317, 318, 321, 323, 334, 335, 336, 337, 339, 341, 343, 344, 345, 348, 349, 350, 352, 353, 354, 356, 358, 361, 364, 366, 367, 368, 369, 371, 372, 373, 374, 376, 377, 379, 380, 382, 389, 393, 394, 395, 397, 398, 401, 404, 406, 413, 414, 415, 416, 419, 422, 426, 428, 429, 431, 432, 436, 438, 445, 446, 449, 450, 452, 453, 454, 455, 457, 459, 460, 468, 469, 477, 478, 487, 488, 490, 491, 493, 494], "summary": {"covered_lines": 181, "num_statements": 202, "percent_covered": 86.5625, "percent_covered_display": "86.56", "missing_lines": 21, "excluded_lines": 4, "num_branches": 118, "num_partial_branches": 14, "covered_branches": 96, "missing_branches": 22}, "missing_lines": [110, 111, 121, 122, 132, 133, 180, 206, 240, 252, 271, 272, 275, 290, 298, 299, 302, 306, 307, 308, 359], "excluded_lines": [145, 146, 148, 149]}, "buildtest/executors/slurm.py": {"executed_lines": [1, 6, 7, 8, 10, 11, 12, 13, 15, 18, 19, 28, 30, 34, 35, 36, 38, 39, 40, 42, 44, 46, 49, 50, 52, 53, 55, 58, 59, 61, 64, 65, 67, 69, 112, 121, 124, 125, 126, 128, 131, 133, 134, 137, 138, 139, 140, 143, 145, 147, 154, 156, 158, 160, 164, 167, 171, 172], "summary": {"covered_lines": 56, "num_statements": 78, "percent_covered": 70.58823529411765, "percent_covered_display": "70.59", "missing_lines": 22, "excluded_lines": 0, "num_branches": 24, "num_partial_branches": 6, "covered_branches": 16, "missing_branches": 8}, "missing_lines": [47, 56, 62, 77, 79, 80, 82, 84, 86, 87, 88, 89, 90, 95, 99, 100, 102, 104, 106, 107, 108, 110], "excluded_lines": []}, "buildtest/log.py": {"executed_lines": [1, 4, 5, 7, 8, 9, 12, 20, 24, 26, 27, 29, 30, 31, 32, 35, 47], "summary": {"covered_lines": 16, "num_statements": 19, "percent_covered": 80.95238095238095, "percent_covered_display": "80.95", "missing_lines": 3, "excluded_lines": 0, "num_branches": 2, "num_partial_branches": 1, "covered_branches": 1, "missing_branches": 1}, "missing_lines": [36, 44, 45], "excluded_lines": []}, "buildtest/scheduler/__init__.py": {"executed_lines": [1], "summary": {"covered_lines": 0, "num_statements": 0, "percent_covered": 100.0, "percent_covered_display": "100.00", "missing_lines": 0, "excluded_lines": 0, "num_branches": 0, "num_partial_branches": 0, "covered_branches": 0, "missing_branches": 0}, "missing_lines": [], "excluded_lines": []}, "buildtest/scheduler/cobalt.py": {"executed_lines": [1, 3, 4, 6, 9, 10, 15, 21, 28, 34, 40, 46, 53, 58, 63, 68, 73, 93, 128], "summary": {"covered_lines": 18, "num_statements": 58, "percent_covered": 31.25, "percent_covered_display": "31.25", "missing_lines": 40, "excluded_lines": 0, "num_branches": 6, "num_partial_branches": 0, "covered_branches": 2, "missing_branches": 4}, "missing_lines": [16, 17, 18, 19, 26, 32, 38, 44, 51, 56, 61, 66, 71, 77, 78, 79, 80, 81, 83, 86, 88, 89, 91, 112, 113, 114, 115, 116, 118, 120, 121, 122, 123, 124, 126, 133, 134, 135, 136, 138], "excluded_lines": []}, "buildtest/scheduler/job.py": {"executed_lines": [1, 2, 5, 9, 13, 15, 17, 21, 25, 29, 33], "summary": {"covered_lines": 10, "num_statements": 13, "percent_covered": 80.0, "percent_covered_display": "80.00", "missing_lines": 3, "excluded_lines": 5, "num_branches": 2, "num_partial_branches": 0, "covered_branches": 2, "missing_branches": 0}, "missing_lines": [6, 7, 11], "excluded_lines": [19, 23, 27, 31, 35]}, "buildtest/scheduler/lsf.py": {"executed_lines": [1, 2, 4, 5, 7, 10, 11, 14, 19, 24, 29, 36, 41, 46, 51, 56, 92, 219], "summary": {"covered_lines": 18, "num_statements": 74, "percent_covered": 25.641025641025642, "percent_covered_display": "25.64", "missing_lines": 56, "excluded_lines": 0, "num_branches": 4, "num_partial_branches": 0, "covered_branches": 2, "missing_branches": 2}, "missing_lines": [12, 17, 22, 27, 34, 39, 44, 49, 54, 65, 66, 67, 70, 71, 72, 73, 74, 76, 77, 80, 81, 82, 85, 86, 87, 88, 90, 161, 162, 165, 166, 167, 168, 171, 172, 175, 176, 177, 178, 180, 201, 203, 204, 205, 206, 207, 209, 211, 213, 214, 215, 217, 223, 224, 225, 226], "excluded_lines": []}, "buildtest/scheduler/pbs.py": {"executed_lines": [1, 2, 4, 5, 7, 10, 11, 15, 18, 22, 26, 30, 34, 38, 42, 46, 58, 62, 133, 160], "summary": {"covered_lines": 19, "num_statements": 55, "percent_covered": 36.8421052631579, "percent_covered_display": "36.84", "missing_lines": 36, "excluded_lines": 0, "num_branches": 2, "num_partial_branches": 0, "covered_branches": 2, "missing_branches": 0}, "missing_lines": [16, 20, 24, 28, 32, 36, 40, 44, 56, 60, 120, 122, 123, 124, 125, 126, 128, 131, 139, 141, 142, 143, 144, 145, 147, 150, 151, 154, 155, 156, 157, 158, 162, 163, 164, 165], "excluded_lines": []}, "buildtest/scheduler/slurm.py": {"executed_lines": [1, 3, 4, 6, 9, 10, 16, 20, 23, 25, 29, 31, 35, 37, 43, 47, 49, 53, 55, 59, 61, 65, 67, 72, 81, 84, 86, 89, 91, 94, 96, 101, 102, 103, 105, 106, 107, 109, 110, 112, 125, 126, 127, 129, 130, 132, 133, 134, 135, 137, 182, 206, 207, 208, 210, 211, 213, 217, 219, 221, 222, 224, 227, 228, 230, 231, 232, 233, 235, 236, 237, 238, 240], "summary": {"covered_lines": 72, "num_statements": 75, "percent_covered": 91.95402298850574, "percent_covered_display": "91.95", "missing_lines": 3, "excluded_lines": 0, "num_branches": 12, "num_partial_branches": 4, "covered_branches": 8, "missing_branches": 4}, "missing_lines": [17, 18, 41], "excluded_lines": []}, "buildtest/schemas/__init__.py": {"executed_lines": [1], "summary": {"covered_lines": 0, "num_statements": 0, "percent_covered": 100.0, "percent_covered_display": "100.00", "missing_lines": 0, "excluded_lines": 0, "num_branches": 0, "num_partial_branches": 0, "covered_branches": 0, "missing_branches": 0}, "missing_lines": [], "excluded_lines": []}, "buildtest/schemas/defaults.py": {"executed_lines": [1, 3, 4, 6, 8, 9, 10, 19, 20, 21, 24, 25, 26, 29, 30, 33, 38, 39, 40, 45, 46, 50, 54, 55, 58, 63, 84, 89, 108, 109, 111, 112], "summary": {"covered_lines": 32, "num_statements": 32, "percent_covered": 100.0, "percent_covered_display": "100.00", "missing_lines": 0, "excluded_lines": 0, "num_branches": 0, "num_partial_branches": 0, "covered_branches": 0, "missing_branches": 0}, "missing_lines": [], "excluded_lines": []}, "buildtest/schemas/utils.py": {"executed_lines": [1, 5, 6, 7, 9, 10, 12, 15, 28, 30, 31, 33, 34, 35, 36, 38, 40, 41, 44, 57, 58, 60, 61, 63, 64, 65], "summary": {"covered_lines": 25, "num_statements": 25, "percent_covered": 100.0, "percent_covered_display": "100.00", "missing_lines": 0, "excluded_lines": 0, "num_branches": 8, "num_partial_branches": 0, "covered_branches": 8, "missing_branches": 0}, "missing_lines": [], "excluded_lines": []}, "buildtest/system.py": {"executed_lines": [1, 5, 6, 7, 8, 9, 10, 11, 13, 14, 15, 16, 19, 20, 22, 23, 25, 30, 32, 34, 37, 42, 51, 52, 58, 59, 60, 61, 62, 63, 64, 65, 67, 68, 69, 70, 71, 74, 75, 76, 77, 79, 80, 82, 84, 91, 92, 93, 94, 96, 98, 99, 100, 102, 106, 110, 114, 123, 124, 126, 128, 132, 133, 134, 139, 140, 146, 148, 151, 154, 155, 156, 157, 159, 160, 162, 167, 168, 174, 176, 178, 180, 183, 184, 185, 186, 188, 192, 194, 210, 211, 212, 213, 215, 216, 217, 219, 231, 232, 233, 234, 236, 237, 238, 240, 255, 256, 257, 258, 260, 261, 262, 265, 266, 269, 271, 273, 275, 278, 281, 325, 326, 329, 331, 332, 334, 336, 339, 359, 360, 363, 365, 366, 367, 369, 372, 374, 376, 377, 391], "summary": {"covered_lines": 133, "num_statements": 191, "percent_covered": 68.16326530612245, "percent_covered_display": "68.16", "missing_lines": 58, "excluded_lines": 0, "num_branches": 54, "num_partial_branches": 12, "covered_branches": 34, "missing_branches": 20}, "missing_lines": [35, 53, 56, 103, 104, 107, 108, 111, 112, 129, 130, 164, 279, 306, 307, 308, 309, 311, 313, 314, 315, 316, 317, 318, 322, 337, 342, 343, 344, 345, 347, 349, 351, 352, 353, 354, 355, 356, 370, 382, 383, 384, 386, 387, 389, 395, 396, 397, 398, 400, 401, 402, 403, 404, 406, 408, 409, 410], "excluded_lines": []}, "buildtest/tools/__init__.py": {"executed_lines": [1], "summary": {"covered_lines": 0, "num_statements": 0, "percent_covered": 100.0, "percent_covered_display": "100.00", "missing_lines": 0, "excluded_lines": 0, "num_branches": 0, "num_partial_branches": 0, "covered_branches": 0, "missing_branches": 0}, "missing_lines": [], "excluded_lines": []}, "buildtest/tools/editor.py": {"executed_lines": [1, 2, 4, 5, 8, 22, 24, 26, 27, 28, 29, 32, 33, 35, 36, 41, 42, 43, 44, 49, 50, 52], "summary": {"covered_lines": 22, "num_statements": 22, "percent_covered": 88.88888888888889, "percent_covered_display": "88.89", "missing_lines": 0, "excluded_lines": 0, "num_branches": 14, "num_partial_branches": 4, "covered_branches": 10, "missing_branches": 4}, "missing_lines": [], "excluded_lines": []}, "buildtest/tools/modules.py": {"executed_lines": [1, 12, 13], "summary": {"covered_lines": 3, "num_statements": 14, "percent_covered": 15.384615384615385, "percent_covered_display": "15.38", "missing_lines": 11, "excluded_lines": 0, "num_branches": 12, "num_partial_branches": 1, "covered_branches": 1, "missing_branches": 11}, "missing_lines": [15, 18, 19, 21, 22, 24, 25, 27, 28, 29, 31], "excluded_lines": []}, "buildtest/tools/stylecheck.py": {"executed_lines": [1, 2, 4, 5, 8, 18, 21, 22, 23, 24, 25, 27, 30, 32, 33, 35, 36, 39, 48, 51, 53, 54, 56, 57, 59, 60, 64, 65, 67, 68, 71, 79, 82, 84, 85, 87, 88, 90, 91, 95, 96, 98, 99, 102, 112, 118, 119, 123, 124, 126, 127, 129, 130], "summary": {"covered_lines": 53, "num_statements": 59, "percent_covered": 80.51948051948052, "percent_covered_display": "80.52", "missing_lines": 6, "excluded_lines": 0, "num_branches": 18, "num_partial_branches": 9, "covered_branches": 9, "missing_branches": 9}, "missing_lines": [19, 28, 49, 62, 80, 93], "excluded_lines": []}, "buildtest/utils/__init__.py": {"executed_lines": [], "summary": {"covered_lines": 0, "num_statements": 0, "percent_covered": 100.0, "percent_covered_display": "100.00", "missing_lines": 0, "excluded_lines": 0, "num_branches": 0, "num_partial_branches": 0, "covered_branches": 0, "missing_branches": 0}, "missing_lines": [], "excluded_lines": []}, "buildtest/utils/command.py": {"executed_lines": [1, 2, 3, 4, 5, 7, 10, 11, 29, 30, 31, 32, 34, 35, 37, 38, 40, 41, 42, 44, 45, 47, 48, 51, 52, 54, 55, 58, 60, 61, 62, 65, 66, 71, 78, 79, 80, 81, 84, 85, 87, 92, 93, 94, 96, 99, 100, 103, 104, 105, 106, 107, 110, 113, 116, 117, 123, 124, 129, 138, 139, 144, 146, 148, 155, 157, 164, 165, 166, 167, 168, 170, 172, 174, 177, 179], "summary": {"covered_lines": 74, "num_statements": 79, "percent_covered": 90.0990099009901, "percent_covered_display": "90.10", "missing_lines": 5, "excluded_lines": 0, "num_branches": 22, "num_partial_branches": 5, "covered_branches": 17, "missing_branches": 5}, "missing_lines": [49, 56, 125, 126, 182], "excluded_lines": []}, "buildtest/utils/file.py": {"executed_lines": [28, 31, 32, 35, 50, 53, 54, 57, 73, 75, 76, 78, 79, 82, 83, 84, 86, 88, 104, 105, 106, 108, 109, 110, 111, 112, 113, 139, 140, 142, 143, 148, 150, 152, 153, 154, 178, 179, 183, 186, 189, 190, 193, 194, 195, 196, 197, 199, 224, 225, 230, 231, 236, 237, 241, 242, 243, 244, 245, 262, 263, 265, 266, 271, 272, 276, 277, 278, 279, 294, 296, 297, 300, 301, 302, 303, 304, 305, 309], "summary": {"covered_lines": 79, "num_statements": 91, "percent_covered": 90.83969465648855, "percent_covered_display": "90.84", "missing_lines": 12, "excluded_lines": 0, "num_branches": 40, "num_partial_branches": 0, "covered_branches": 40, "missing_branches": 0}, "missing_lines": [11, 12, 14, 17, 38, 60, 91, 116, 157, 202, 248, 282], "excluded_lines": []}, "buildtest/utils/shell.py": {"executed_lines": [1, 3, 4, 5, 8, 28, 29, 32, 33, 34, 35, 37, 40, 59, 61, 64, 65, 66, 67, 69, 72, 74, 81, 83, 84, 85, 86, 88, 91, 100, 103, 111, 114, 116, 119, 121, 124, 125, 126, 129, 130, 139, 140, 144, 146, 153, 154, 158, 159, 161, 162, 164, 166, 167, 171, 172, 174, 175, 191, 194, 197, 200, 201, 205, 208, 209, 212, 215, 216, 220, 223, 225, 227], "summary": {"covered_lines": 71, "num_statements": 73, "percent_covered": 95.78947368421052, "percent_covered_display": "95.79", "missing_lines": 2, "excluded_lines": 4, "num_branches": 22, "num_partial_branches": 2, "covered_branches": 20, "missing_branches": 2}, "missing_lines": [30, 62], "excluded_lines": [194, 195, 197, 198]}, "buildtest/utils/timer.py": {"executed_lines": [1, 4, 5, 8, 9, 10, 11, 13, 15, 18, 20, 22, 25, 26, 29, 30], "summary": {"covered_lines": 15, "num_statements": 17, "percent_covered": 84.0, "percent_covered_display": "84.00", "missing_lines": 2, "excluded_lines": 0, "num_branches": 8, "num_partial_branches": 2, "covered_branches": 6, "missing_branches": 2}, "missing_lines": [16, 23], "excluded_lines": []}, "buildtest/utils/tools.py": {"executed_lines": [1, 4, 5, 12], "summary": {"covered_lines": 3, "num_statements": 3, "percent_covered": 100.0, "percent_covered_display": "100.00", "missing_lines": 0, "excluded_lines": 1, "num_branches": 2, "num_partial_branches": 0, "covered_branches": 2, "missing_branches": 0}, "missing_lines": [], "excluded_lines": [12]}}, "totals": {"covered_lines": 4258, "num_statements": 5484, "percent_covered": 75.7527311484146, "percent_covered_display": "75.75", "missing_lines": 1226, "excluded_lines": 175, "num_branches": 2022, "num_partial_branches": 222, "covered_branches": 1428, "missing_branches": 594}}